e:\source\repos\cppclr_winformsprojekt1\cppclr_winformsprojekt1\x64\debug\cppclr_winformsprojekt1.pch
e:\source\repos\cppclr_winformsprojekt1\cppclr_winformsprojekt1\x64\debug\vc142.pdb
e:\source\repos\cppclr_winformsprojekt1\cppclr_winformsprojekt1\x64\debug\pch.obj
e:\source\repos\cppclr_winformsprojekt1\cppclr_winformsprojekt1\x64\debug\report.obj
e:\source\repos\cppclr_winformsprojekt1\cppclr_winformsprojekt1\x64\debug\management.obj
e:\source\repos\cppclr_winformsprojekt1\cppclr_winformsprojekt1\x64\debug\leave.obj
e:\source\repos\cppclr_winformsprojekt1\cppclr_winformsprojekt1\x64\debug\employee.obj
e:\source\repos\cppclr_winformsprojekt1\cppclr_winformsprojekt1\x64\debug\database.obj
e:\source\repos\cppclr_winformsprojekt1\cppclr_winformsprojekt1\x64\debug\cppclr_winformsprojekt.obj
e:\source\repos\cppclr_winformsprojekt1\cppclr_winformsprojekt1\x64\debug\assemblyinfo.obj
e:\source\repos\cppclr_winformsprojekt1\cppclr_winformsprojekt1\x64\debug\.netframework,version=v4.7.2.assemblyattributes.obj
e:\source\repos\cppclr_winformsprojekt1\cppclr_winformsprojekt1\x64\debug\cppclr_winformsprojekt1.employee.resources
e:\source\repos\cppclr_winformsprojekt1\cppclr_winformsprojekt1\x64\debug\cppclr_winformsprojekt1.leave.resources
e:\source\repos\cppclr_winformsprojekt1\cppclr_winformsprojekt1\x64\debug\cppclr_winformsprojekt1.management.resources
e:\source\repos\cppclr_winformsprojekt1\cppclr_winformsprojekt1\x64\debug\cppclr_winformsprojekt1.report.resources
e:\source\repos\cppclr_winformsprojekt1\cppclr_winformsprojekt1\x64\debug\app.res
e:\source\repos\cppclr_winformsprojekt1\cppclr_winformsprojekt1\x64\debug\cppclr_winformsprojekt1.vcxproj.generateresource.cache
e:\source\repos\cppclr_winformsprojekt1\x64\debug\cppclr_winformsprojekt1.pdb
e:\source\repos\cppclr_winformsprojekt1\cppclr_winformsprojekt1\x64\debug\cppclr_w.14d09c02.tlog\cl.command.1.tlog
e:\source\repos\cppclr_winformsprojekt1\cppclr_winformsprojekt1\x64\debug\cppclr_w.14d09c02.tlog\cl.read.1.tlog
e:\source\repos\cppclr_winformsprojekt1\cppclr_winformsprojekt1\x64\debug\cppclr_w.14d09c02.tlog\cl.write.1.tlog
e:\source\repos\cppclr_winformsprojekt1\cppclr_winformsprojekt1\x64\debug\cppclr_w.14d09c02.tlog\cppclr_winformsprojekt1.write.1u.tlog
e:\source\repos\cppclr_winformsprojekt1\cppclr_winformsprojekt1\x64\debug\cppclr_w.14d09c02.tlog\link.8460-cvtres.read.1.tlog
e:\source\repos\cppclr_winformsprojekt1\cppclr_winformsprojekt1\x64\debug\cppclr_w.14d09c02.tlog\link.8460-cvtres.write.1.tlog
e:\source\repos\cppclr_winformsprojekt1\cppclr_winformsprojekt1\x64\debug\cppclr_w.14d09c02.tlog\link.8460-rc.read.1.tlog
e:\source\repos\cppclr_winformsprojekt1\cppclr_winformsprojekt1\x64\debug\cppclr_w.14d09c02.tlog\link.8460-rc.write.1.tlog
e:\source\repos\cppclr_winformsprojekt1\cppclr_winformsprojekt1\x64\debug\cppclr_w.14d09c02.tlog\link.8460.read.1.tlog
e:\source\repos\cppclr_winformsprojekt1\cppclr_winformsprojekt1\x64\debug\cppclr_w.14d09c02.tlog\link.8460.write.1.tlog
e:\source\repos\cppclr_winformsprojekt1\cppclr_winformsprojekt1\x64\debug\cppclr_w.14d09c02.tlog\link.command.1.tlog
e:\source\repos\cppclr_winformsprojekt1\cppclr_winformsprojekt1\x64\debug\cppclr_w.14d09c02.tlog\link.read.1.tlog
e:\source\repos\cppclr_winformsprojekt1\cppclr_winformsprojekt1\x64\debug\cppclr_w.14d09c02.tlog\link.write.1.tlog
e:\source\repos\cppclr_winformsprojekt1\cppclr_winformsprojekt1\x64\debug\cppclr_w.14d09c02.tlog\metagen.read.1.tlog
e:\source\repos\cppclr_winformsprojekt1\cppclr_winformsprojekt1\x64\debug\cppclr_w.14d09c02.tlog\metagen.write.1.tlog
e:\source\repos\cppclr_winformsprojekt1\cppclr_winformsprojekt1\x64\debug\cppclr_w.14d09c02.tlog\rc.command.1.tlog
e:\source\repos\cppclr_winformsprojekt1\cppclr_winformsprojekt1\x64\debug\cppclr_w.14d09c02.tlog\rc.read.1.tlog
e:\source\repos\cppclr_winformsprojekt1\cppclr_winformsprojekt1\x64\debug\cppclr_w.14d09c02.tlog\rc.write.1.tlog
